<?xml version="1.0" encoding="UTF-8"?>
<testng-results skipped="0" failed="0" ignored="0" total="1" passed="1">
  <reporter-output>
  </reporter-output>
  <suite name="DriverFactory.AppTest" duration-ms="154929" started-at="2019-11-08T12:10:00Z" finished-at="2019-11-08T12:12:35Z">
    <groups>
    </groups>
    <test name="Command line test" duration-ms="154929" started-at="2019-11-08T12:10:00Z" finished-at="2019-11-08T12:12:35Z">
      <class name="DriverFactory.AppTest">
        <test-method status="PASS" signature="kickStart()[pri:0, instance:DriverFactory.AppTest@52af6cff]" name="kickStart" duration-ms="154751" started-at="2019-11-08T12:10:00Z" finished-at="2019-11-08T12:12:35Z">
          <reporter-output>
          </reporter-output>
        </test-method> <!-- kickStart -->
      </class> <!-- DriverFactory.AppTest -->
    </test> <!-- Command line test -->
  </suite> <!-- DriverFactory.AppTest -->
</testng-results>
